0 info it worked if it ends with ok
1 verbose cli [ 'c:\\Program Files\\nodejs\\node.exe',
1 verbose cli   'c:\\Program Files\\nodejs\\node_modules\\npm\\bin\\npm-cli.js',
1 verbose cli   'publish' ]
2 info using npm@2.11.3
3 info using node@v0.12.7
4 verbose publish [ '.' ]
5 silly cache add args [ '.', null ]
6 verbose cache add spec .
7 silly cache add parsed spec { raw: '.',
7 silly cache add   scope: null,
7 silly cache add   name: null,
7 silly cache add   rawSpec: '.',
7 silly cache add   spec: 'c:\\Users\\TJ Horner\\node-bhp',
7 silly cache add   type: 'directory' }
8 verbose addLocalDirectory C:\Users\TJ Horner\AppData\Roaming\npm-cache\bhp\1.0.0\package.tgz not in flight; packing
9 verbose tar pack [ 'C:\\Users\\TJ Horner\\AppData\\Roaming\\npm-cache\\bhp\\1.0.0\\package.tgz',
9 verbose tar pack   'c:\\Users\\TJ Horner\\node-bhp' ]
10 verbose tarball C:\Users\TJ Horner\AppData\Roaming\npm-cache\bhp\1.0.0\package.tgz
11 verbose folder c:\Users\TJ Horner\node-bhp
12 info prepublish bhp@1.0.0
13 verbose addLocalTarball adding from inside cache C:\Users\TJ Horner\AppData\Roaming\npm-cache\bhp\1.0.0\package.tgz
14 silly cache afterAdd bhp@1.0.0
15 verbose afterAdd C:\Users\TJ Horner\AppData\Roaming\npm-cache\bhp\1.0.0\package\package.json not in flight; writing
16 verbose afterAdd C:\Users\TJ Horner\AppData\Roaming\npm-cache\bhp\1.0.0\package\package.json written
17 silly publish { name: 'bhp',
17 silly publish   version: '1.0.0',
17 silly publish   description: 'Node interface for Big History Project API',
17 silly publish   main: 'app.js',
17 silly publish   scripts: { test: 'mocha' },
17 silly publish   repository:
17 silly publish    { type: 'git',
17 silly publish      url: 'git+https://github.com/tjhorner/node-bhp.git' },
17 silly publish   keywords: [ 'http', 'api' ],
17 silly publish   author: { name: 'TJ Horner' },
17 silly publish   license: 'ISC',
17 silly publish   bugs: { url: 'https://github.com/tjhorner/node-bhp/issues' },
17 silly publish   homepage: 'https://github.com/tjhorner/node-bhp#readme',
17 silly publish   dependencies: { 'node-rest-client': '^1.5.1' },
17 silly publish   readme: '# node-bhp\r\n\r\nNode module to interact with the Big History Project API.\r\n',
17 silly publish   readmeFilename: 'README.md',
17 silly publish   gitHead: '5da782c13fdad7566561a9faccb562a6f48c5980',
17 silly publish   _id: 'bhp@1.0.0',
17 silly publish   _shasum: 'e314ced90590dbf0039ad1d56e6e5fc6db97a6ad',
17 silly publish   _from: '.' }
18 verbose getPublishConfig undefined
19 silly mapToRegistry name bhp
20 silly mapToRegistry using default registry
21 silly mapToRegistry registry https://registry.npmjs.org/
22 silly mapToRegistry uri https://registry.npmjs.org/bhp
23 verbose publish registryBase https://registry.npmjs.org/
24 silly publish uploading C:\Users\TJ Horner\AppData\Roaming\npm-cache\bhp\1.0.0\package.tgz
25 verbose request uri https://registry.npmjs.org/bhp
26 verbose request sending authorization for write operation
27 info attempt registry request try #1 at 10:31:11 PM
28 verbose request using bearer token for auth
29 verbose request id 18b015fac381c086
30 http request PUT https://registry.npmjs.org/bhp
31 http 403 https://registry.npmjs.org/bhp
32 verbose headers { 'content-type': 'application/json',
32 verbose headers   'cache-control': 'max-age=60',
32 verbose headers   'content-length': '95',
32 verbose headers   'accept-ranges': 'bytes',
32 verbose headers   date: 'Wed, 30 Sep 2015 05:31:09 GMT',
32 verbose headers   via: '1.1 varnish',
32 verbose headers   connection: 'keep-alive',
32 verbose headers   'x-served-by': 'cache-lax1425-LAX',
32 verbose headers   'x-cache': 'MISS',
32 verbose headers   'x-cache-hits': '0',
32 verbose headers   'x-timer': 'S1443591069.281745,VS0,VE234' }
33 verbose request invalidating C:\Users\TJ Horner\AppData\Roaming\npm-cache\registry.npmjs.org\bhp on PUT
34 error publish Failed PUT 403
35 verbose stack Error: "You cannot publish over the previously published version 1.0.0." : bhp
35 verbose stack     at CachingRegistryClient.<anonymous> (c:\Program Files\nodejs\node_modules\npm\node_modules\npm-registry-client\lib\request.js:247:14)
35 verbose stack     at Request._callback (c:\Program Files\nodejs\node_modules\npm\node_modules\npm-registry-client\lib\request.js:170:14)
35 verbose stack     at Request.self.callback (c:\Program Files\nodejs\node_modules\npm\node_modules\request\request.js:354:22)
35 verbose stack     at Request.emit (events.js:110:17)
35 verbose stack     at Request.<anonymous> (c:\Program Files\nodejs\node_modules\npm\node_modules\request\request.js:1207:14)
35 verbose stack     at Request.emit (events.js:129:20)
35 verbose stack     at IncomingMessage.<anonymous> (c:\Program Files\nodejs\node_modules\npm\node_modules\request\request.js:1153:12)
35 verbose stack     at IncomingMessage.emit (events.js:129:20)
35 verbose stack     at _stream_readable.js:908:16
35 verbose stack     at process._tickCallback (node.js:355:11)
36 verbose statusCode 403
37 verbose pkgid bhp
38 verbose cwd c:\Users\TJ Horner\node-bhp
39 error Windows_NT 6.3.9600
40 error argv "c:\\Program Files\\nodejs\\node.exe" "c:\\Program Files\\nodejs\\node_modules\\npm\\bin\\npm-cli.js" "publish"
41 error node v0.12.7
42 error npm  v2.11.3
43 error code E403
44 error "You cannot publish over the previously published version 1.0.0." : bhp
45 error If you need help, you may report this error at:
45 error     <https://github.com/npm/npm/issues>
46 verbose exit [ 1, true ]
